<?xml version="1.0" encoding="UTF-8" ?>
<testsuite errors="1" failures="0" hostname="linuxlite-desktop" name="net.sourceforge.tess4j.TessAPITest" skipped="0" tests="1" time="0.0" timestamp="2020-02-24T18:25:40">
  <properties>
    <property name="javac.test.classpath" value="lib/ghost4j-1.0.1.jar:lib/jna-4.1.0.jar:lib/log4j-1.2.17.jar:lib/itext-2.1.7.jar:lib/commons-beanutils-1.9.2.jar:lib/commons-logging-1.2.jar:lib/slf4j-api-1.7.25.jar:lib/jul-to-slf4j-1.7.25.jar:lib/commons-io-2.6.jar:lib/jboss-vfs-3.2.12.Final.jar:lib/logback-classic-1.2.3.jar:lib/logback-core-1.2.3.jar:lib/jai-imageio-core-1.4.0.jar:lib/lept4j-1.6.4.jar:lib/pdfbox-2.0.9.jar:lib/pdfbox-tools-2.0.9.jar:lib/fontbox-2.0.9.jar:lib/jbig2-imageio-3.0.0.jar:build/classes:/home/linuxlite/Workspaces/Java Projects/Alg Tesseract/Tess4J/lib/junit-4.12.jar:/home/linuxlite/Workspaces/Java Projects/Alg Tesseract/Tess4J/lib/hamcrest-core-1.3.jar" />
    <property name="java.specification.version" value="11" />
    <property name="sun.cpu.isalist" value="" />
    <property name="ant.file.type.Tess4J-impl" value="file" />
    <property name="jar.index.metainf" value="false" />
    <property name="javadoc.preview" value="true" />
    <property name="jnlp.signing.keystore" value="" />
    <property name="do.depend" value="true" />
    <property name="sun.arch.data.model" value="64" />
    <property name="test.binaryincludes" value="&lt;nothing&gt;" />
    <property name="jnlp.signing.alias" value="" />
    <property name="debug-transport" value="dt_socket" />
    <property name="do.jlink" value="false" />
    <property name="java.vendor.url" value="https://ubuntu.com/" />
    <property name="annotation.processing.enabled" value="true" />
    <property name="debug.modulepath" value="" />
    <property name="file.reference.commons-logging-1.2.jar" value="lib/commons-logging-1.2.jar" />
    <property name="file.reference.log4j-1.2.17.jar" value="lib/log4j-1.2.17.jar" />
    <property name="sun.boot.library.path" value="/usr/lib/jvm/java-11-openjdk-amd64/lib" />
    <property name="sun.java.command" value="org.eclipse.ant.internal.launching.remote.InternalAntRunner -Dorg.eclipse.ant.core.ANT_PROCESS_ID=1582568732722 -Declipse.connect.port=33117 -Declipse.pdebuild.home=/home/linuxlite/.Eclipse IDE/Eclipse Java IDE/plugins/org.eclipse.pde.build_3.10.400.v20190320-1020/. -Declipse.pdebuild.scripts=/home/linuxlite/.Eclipse IDE/Eclipse Java IDE/plugins/org.eclipse.pde.build_3.10.400.v20190320-1020/scripts -Declipse.pdebuild.templates=/home/linuxlite/.Eclipse IDE/Eclipse Java IDE/plugins/org.eclipse.pde.build_3.10.400.v20190320-1020/templates -Dant.home=/home/linuxlite/.Eclipse IDE/Eclipse Java IDE/plugins/org.apache.ant_1.10.5.v20190526-1402 -logger org.eclipse.ant.internal.launching.remote.logger.RemoteAntBuildLogger -inputhandler org.eclipse.ant.internal.ui.antsupport.inputhandler.ProxyInputHandler -buildfile /home/linuxlite/Workspaces/Java Projects/Alg Tesseract/Tess4J/build.xml" />
    <property name="jdk.debug" value="release" />
    <property name="eclipse.pdebuild.templates" value="/home/linuxlite/.Eclipse IDE/Eclipse Java IDE/plugins/org.eclipse.pde.build_3.10.400.v20190320-1020/templates" />
    <property name="java.specification.vendor" value="Oracle Corporation" />
    <property name="javac.source" value="1.7" />
    <property name="javadoc.use" value="true" />
    <property name="javadoc.notree" value="false" />
    <property name="java.version.date" value="2020-01-14" />
    <property name="version" value="3.4.8" />
    <property name="java.home" value="/usr/lib/jvm/java-11-openjdk-amd64" />
    <property name="basedir" value="/home/linuxlite/Workspaces/Java Projects/Alg Tesseract/Tess4J" />
    <property name="application.vendor" value="Quan Nguyen" />
    <property name="work.dir" value="/home/linuxlite/Workspaces/Java Projects/Alg Tesseract/Tess4J" />
    <property name="java.specification.name" value="Java Platform API Specification" />
    <property name="java.vm.specification.vendor" value="Oracle Corporation" />
    <property name="javac.test.compilerargs" value="" />
    <property name="manifest.encoding" value="UTF-8" />
    <property name="sun.management.compiler" value="HotSpot 64-Bit Tiered Compilers" />
    <property name="run.test.modulepath" value="" />
    <property name="java.runtime.version" value="11.0.6+10-post-Ubuntu-1ubuntu118.04.1" />
    <property name="libs.hamcrest.displayName" value="Hamcrest 1.3" />
    <property name="build.generated.subdirs" value="" />
    <property name="debug.test.modulepath" value="" />
    <property name="file.encoding" value="UTF-8" />
    <property name="jnlp.enabled" value="false" />
    <property name="file.reference.itext-2.1.7.jar" value="lib/itext-2.1.7.jar" />
    <property name="java.io.tmpdir" value="/tmp" />
    <property name="do.archive" value="true" />
    <property name="java.version" value="11.0.6" />
    <property name="libraries.basename" value="nblibraries" />
    <property name="java.vm.specification.name" value="Java Virtual Machine Specification" />
    <property name="java.awt.printerjob" value="sun.print.PSPrinterJob" />
    <property name="built-jar.properties" value="/home/linuxlite/Workspaces/Java Projects/Alg Tesseract/Tess4J/build/built-jar.properties" />
    <property name="java.library.path" value="/usr/java/packages/lib:/usr/lib/x86_64-linux-gnu/jni:/lib/x86_64-linux-gnu:/usr/lib/x86_64-linux-gnu:/usr/lib/jni:/lib:/usr/lib:/home/linuxlite/.Eclipse%20IDE/Eclipse%20Java%20IDE/configuration/org.eclipse.osgi/724/0/.cp" />
    <property name="platform.active" value="default_platform" />
    <property name="eclipse.pdebuild.scripts" value="/home/linuxlite/.Eclipse IDE/Eclipse Java IDE/plugins/org.eclipse.pde.build_3.10.400.v20190320-1020/scripts" />
    <property name="java.vendor" value="Ubuntu" />
    <property name="meta.inf.dir" value="src/META-INF" />
    <property name="sun.io.unicode.encoding" value="UnicodeLittle" />
    <property name="compile.on.save" value="true" />
    <property name="default.javac.source" value="1.6" />
    <property name="run.classpath" value="lib/ghost4j-1.0.1.jar:lib/jna-4.1.0.jar:lib/log4j-1.2.17.jar:lib/itext-2.1.7.jar:lib/commons-beanutils-1.9.2.jar:lib/commons-logging-1.2.jar:lib/slf4j-api-1.7.25.jar:lib/jul-to-slf4j-1.7.25.jar:lib/commons-io-2.6.jar:lib/jboss-vfs-3.2.12.Final.jar:lib/logback-classic-1.2.3.jar:lib/logback-core-1.2.3.jar:lib/jai-imageio-core-1.4.0.jar:lib/lept4j-1.6.4.jar:lib/pdfbox-2.0.9.jar:lib/pdfbox-tools-2.0.9.jar:lib/fontbox-2.0.9.jar:lib/jbig2-imageio-3.0.0.jar:build/classes" />
    <property name="test.src.dir" value="test" />
    <property name="ap.proc.none.internal" value="" />
    <property name="endorsed.classpath.cmd.line.arg" value="" />
    <property name="user.timezone" value="" />
    <property name="jar.index" value="false" />
    <property name="os.name" value="Linux" />
    <property name="build.sysclasspath" value="ignore" />
    <property name="java.vm.specification.version" value="11" />
    <property name="javadoc.noindex" value="false" />
    <property name="javadoc.private" value="false" />
    <property name="jdkBug6558476" value="false" />
    <property name="javadoc.author" value="false" />
    <property name="user.home" value="/home/linuxlite" />
    <property name="source.encoding" value="UTF-8" />
    <property name="jar.compress" value="false" />
    <property name="have.sources" value="true" />
    <property name="annotation.processing.processors.list" value="" />
    <property name="jlink.launcher" value="false" />
    <property name="javac.deprecation" value="true" />
    <property name="eclipse.pdebuild.home" value="/home/linuxlite/.Eclipse IDE/Eclipse Java IDE/plugins/org.eclipse.pde.build_3.10.400.v20190320-1020/." />
    <property name="jnlp.mixed.code" value="default" />
    <property name="libs.junit_4.displayName" value="JUnit 4.12" />
    <property name="java.awt.graphicsenv" value="sun.awt.X11GraphicsEnvironment" />
    <property name="libs.junit_4.prop-maven-dependencies" value="junit:junit:4.12:jar" />
    <property name="build.generated.sources.dir" value="build/generated-sources" />
    <property name="run.jvmargs" value="" />
    <property name="libraries.path" value="/home/linuxlite/Workspaces/Java Projects/Alg Tesseract/Tess4J/lib/nblibraries.properties" />
    <property name="build.classes.excludes" value="**/*.java,**/*.form" />
    <property name="file.reference.commons-io-2.6.jar" value="lib/commons-io-2.6.jar" />
    <property name="dist.jar" value="dist/tess4j-3.4.8.jar" />
    <property name="ant.file" value="/home/linuxlite/Workspaces/Java Projects/Alg Tesseract/Tess4J/build.xml" />
    <property name="path.separator" value=":" />
    <property name="os.version" value="5.3.0" />
    <property name="debug-transport-by-os" value="dt_socket" />
    <property name="build.test.results.dir" value="build/test/results" />
    <property name="ap.processors.internal" value="" />
    <property name="java.vm.name" value="OpenJDK 64-Bit Server VM" />
    <property name="os.arch" value="amd64" />
    <property name="build.generated.dir" value="build/generated" />
    <property name="user.language.format" value="pt" />
    <property name="do.jar" value="true" />
    <property name="java.vm.info" value="mixed mode, sharing" />
    <property name="jnlp.descriptor" value="application" />
    <property name="file.reference.logback-core-1.2.3.jar" value="lib/logback-core-1.2.3.jar" />
    <property name="run.test.classpath" value="lib/ghost4j-1.0.1.jar:lib/jna-4.1.0.jar:lib/log4j-1.2.17.jar:lib/itext-2.1.7.jar:lib/commons-beanutils-1.9.2.jar:lib/commons-logging-1.2.jar:lib/slf4j-api-1.7.25.jar:lib/jul-to-slf4j-1.7.25.jar:lib/commons-io-2.6.jar:lib/jboss-vfs-3.2.12.Final.jar:lib/logback-classic-1.2.3.jar:lib/logback-core-1.2.3.jar:lib/jai-imageio-core-1.4.0.jar:lib/lept4j-1.6.4.jar:lib/pdfbox-2.0.9.jar:lib/pdfbox-tools-2.0.9.jar:lib/fontbox-2.0.9.jar:lib/jbig2-imageio-3.0.0.jar:build/classes:/home/linuxlite/Workspaces/Java Projects/Alg Tesseract/Tess4J/lib/junit-4.12.jar:/home/linuxlite/Workspaces/Java Projects/Alg Tesseract/Tess4J/lib/hamcrest-core-1.3.jar:build/test/classes" />
    <property name="javadoc.encoding.used" value="UTF-8" />
    <property name="java.class.version" value="55.0" />
    <property name="src.dir" value="src" />
    <property name="ant.file.type.Tess4J" value="file" />
    <property name="ant.project.default-target" value="default" />
    <property name="debug.classpath" value="lib/ghost4j-1.0.1.jar:lib/jna-4.1.0.jar:lib/log4j-1.2.17.jar:lib/itext-2.1.7.jar:lib/commons-beanutils-1.9.2.jar:lib/commons-logging-1.2.jar:lib/slf4j-api-1.7.25.jar:lib/jul-to-slf4j-1.7.25.jar:lib/commons-io-2.6.jar:lib/jboss-vfs-3.2.12.Final.jar:lib/logback-classic-1.2.3.jar:lib/logback-core-1.2.3.jar:lib/jai-imageio-core-1.4.0.jar:lib/lept4j-1.6.4.jar:lib/pdfbox-2.0.9.jar:lib/pdfbox-tools-2.0.9.jar:lib/fontbox-2.0.9.jar:lib/jbig2-imageio-3.0.0.jar:build/classes" />
    <property name="ant.library.dir" value="/home/linuxlite/.Eclipse IDE/Eclipse Java IDE/plugins/org.apache.ant_1.10.5.v20190526-1402/lib" />
    <property name="awt.toolkit" value="sun.awt.X11.XToolkit" />
    <property name="excludes" value="" />
    <property name="ant.project.name" value="Tess4J" />
    <property name="dist.javadoc.dir" value="dist/javadoc" />
    <property name="sun.jnu.encoding" value="UTF-8" />
    <property name="run.test.jvmargs" value="" />
    <property name="default.javac.target" value="1.6" />
    <property name="file.reference.pdfbox-2.0.9.jar" value="lib/pdfbox-2.0.9.jar" />
    <property name="jnlp.offline-allowed" value="false" />
    <property name="javac.fork" value="false" />
    <property name="file.reference.commons-beanutils-1.9.2.jar" value="lib/commons-beanutils-1.9.2.jar" />
    <property name="user.country.format" value="BR" />
    <property name="file.reference.ghost4j-1.0.1.jar" value="lib/ghost4j-1.0.1.jar" />
    <property name="ant.file.Tess4J" value="/home/linuxlite/Workspaces/Java Projects/Alg Tesseract/Tess4J/build.xml" />
    <property name="file.reference.jai-imageio-core-1.4.0.jar" value="lib/jai-imageio-core-1.4.0.jar" />
    <property name="jar.archive.disabled" value="false" />
    <property name="libs.hamcrest.prop-maven-dependencies" value="org.hamcrest:hamcrest-core:1.3:jar" />
    <property name="empty.dir" value="/home/linuxlite/Workspaces/Java Projects/Alg Tesseract/Tess4J/build/empty" />
    <property name="do.depend.true" value="true" />
    <property name="file.reference.jul-to-slf4j-1.7.25.jar" value="lib/jul-to-slf4j-1.7.25.jar" />
    <property name="testng.mode" value="testng" />
    <property name="file.reference.logback-classic-1.2.3.jar" value="lib/logback-classic-1.2.3.jar" />
    <property name="annotation.processing.enabled.in.editor" value="false" />
    <property name="file.reference.jboss-vfs-3.2.12.Final.jar" value="lib/jboss-vfs-3.2.12.Final.jar" />
    <property name="file.separator" value="/" />
    <property name="java.vm.compressedOopsMode" value="32-bit" />
    <property name="line.separator" value="&#xa;" />
    <property name="javadoc.additionalparam" value="" />
    <property name="jnlp.signed" value="false" />
    <property name="application.desc" value="A Java wrapper for Tesseract OCR API" />
    <property name="javac.debug" value="false" />
    <property name="mkdist.disabled" value="false" />
    <property name="user.name" value="linuxlite" />
    <property name="build.classes.dir" value="build/classes" />
    <property name="nb.junit.single" value="false" />
    <property name="javadoc.windowtitle" value="Tess4J API" />
    <property name="annotation.processing.processor.options" value="" />
    <property name="dist.dir" value="dist" />
    <property name="build.dir" value="build" />
    <property name="javadoc.version" value="false" />
    <property name="ant.home" value="/home/linuxlite/.Eclipse IDE/Eclipse Java IDE/plugins/org.apache.ant_1.10.5.v20190526-1402" />
    <property name="have.tests" value="true" />
    <property name="sun.os.patch.level" value="unknown" />
    <property name="debug.test.classpath" value="lib/ghost4j-1.0.1.jar:lib/jna-4.1.0.jar:lib/log4j-1.2.17.jar:lib/itext-2.1.7.jar:lib/commons-beanutils-1.9.2.jar:lib/commons-logging-1.2.jar:lib/slf4j-api-1.7.25.jar:lib/jul-to-slf4j-1.7.25.jar:lib/commons-io-2.6.jar:lib/jboss-vfs-3.2.12.Final.jar:lib/logback-classic-1.2.3.jar:lib/logback-core-1.2.3.jar:lib/jai-imageio-core-1.4.0.jar:lib/lept4j-1.6.4.jar:lib/pdfbox-2.0.9.jar:lib/pdfbox-tools-2.0.9.jar:lib/fontbox-2.0.9.jar:lib/jbig2-imageio-3.0.0.jar:build/classes:/home/linuxlite/Workspaces/Java Projects/Alg Tesseract/Tess4J/lib/junit-4.12.jar:/home/linuxlite/Workspaces/Java Projects/Alg Tesseract/Tess4J/lib/hamcrest-core-1.3.jar:build/test/classes" />
    <property name="javac.external.vm" value="false" />
    <property name="testng.debug.mode" value="" />
    <property name="jnlp.signing" value="" />
    <property name="javac.target" value="1.7" />
    <property name="ant.version" value="Apache Ant(TM) version 1.10.5 compiled on July 10 2018" />
    <property name="libraries.dir" value="/home/linuxlite/Workspaces/Java Projects/Alg Tesseract/Tess4J/lib" />
    <property name="file.reference.jbig2-imageio-3.0.0.jar" value="lib/jbig2-imageio-3.0.0.jar" />
    <property name="javadoc.html5" value="false" />
    <property name="javac.test.processorpath" value="lib/ghost4j-1.0.1.jar:lib/jna-4.1.0.jar:lib/log4j-1.2.17.jar:lib/itext-2.1.7.jar:lib/commons-beanutils-1.9.2.jar:lib/commons-logging-1.2.jar:lib/slf4j-api-1.7.25.jar:lib/jul-to-slf4j-1.7.25.jar:lib/commons-io-2.6.jar:lib/jboss-vfs-3.2.12.Final.jar:lib/logback-classic-1.2.3.jar:lib/logback-core-1.2.3.jar:lib/jai-imageio-core-1.4.0.jar:lib/lept4j-1.6.4.jar:lib/pdfbox-2.0.9.jar:lib/pdfbox-tools-2.0.9.jar:lib/fontbox-2.0.9.jar:lib/jbig2-imageio-3.0.0.jar:build/classes:/home/linuxlite/Workspaces/Java Projects/Alg Tesseract/Tess4J/lib/junit-4.12.jar:/home/linuxlite/Workspaces/Java Projects/Alg Tesseract/Tess4J/lib/hamcrest-core-1.3.jar" />
    <property name="java.failonerror" value="true" />
    <property name="file.reference.pdfbox-tools-2.0.9.jar" value="lib/pdfbox-tools-2.0.9.jar" />
    <property name="javac.modulepath" value="" />
    <property name="tests.failed" value="true" />
    <property name="user.properties.file" value="C:\Users\Quan\AppData\Roaming\NetBeans\dev\build.properties" />
    <property name="libraries.dir.nativedirsep" value="/home/linuxlite/Workspaces/Java Projects/Alg Tesseract/Tess4J/lib" />
    <property name="javac.processorpath" value="lib/ghost4j-1.0.1.jar:lib/jna-4.1.0.jar:lib/log4j-1.2.17.jar:lib/itext-2.1.7.jar:lib/commons-beanutils-1.9.2.jar:lib/commons-logging-1.2.jar:lib/slf4j-api-1.7.25.jar:lib/jul-to-slf4j-1.7.25.jar:lib/commons-io-2.6.jar:lib/jboss-vfs-3.2.12.Final.jar:lib/logback-classic-1.2.3.jar:lib/logback-core-1.2.3.jar:lib/jai-imageio-core-1.4.0.jar:lib/lept4j-1.6.4.jar:lib/pdfbox-2.0.9.jar:lib/pdfbox-tools-2.0.9.jar:lib/fontbox-2.0.9.jar:lib/jbig2-imageio-3.0.0.jar" />
    <property name="file.reference.fontbox-2.0.9.jar" value="lib/fontbox-2.0.9.jar" />
    <property name="java.class.path" value="/home/linuxlite/.Eclipse IDE/Eclipse Java IDE/plugins/org.apache.ant_1.10.5.v20190526-1402/lib/ant-antlr.jar:/home/linuxlite/.Eclipse IDE/Eclipse Java IDE/plugins/org.apache.ant_1.10.5.v20190526-1402/lib/ant-apache-bcel.jar:/home/linuxlite/.Eclipse IDE/Eclipse Java IDE/plugins/org.apache.ant_1.10.5.v20190526-1402/lib/ant-apache-bsf.jar:/home/linuxlite/.Eclipse IDE/Eclipse Java IDE/plugins/org.apache.ant_1.10.5.v20190526-1402/lib/ant-apache-log4j.jar:/home/linuxlite/.Eclipse IDE/Eclipse Java IDE/plugins/org.apache.ant_1.10.5.v20190526-1402/lib/ant-apache-oro.jar:/home/linuxlite/.Eclipse IDE/Eclipse Java IDE/plugins/org.apache.ant_1.10.5.v20190526-1402/lib/ant-apache-regexp.jar:/home/linuxlite/.Eclipse IDE/Eclipse Java IDE/plugins/org.apache.ant_1.10.5.v20190526-1402/lib/ant-apache-resolver.jar:/home/linuxlite/.Eclipse IDE/Eclipse Java IDE/plugins/org.apache.ant_1.10.5.v20190526-1402/lib/ant-apache-xalan2.jar:/home/linuxlite/.Eclipse IDE/Eclipse Java IDE/plugins/org.apache.ant_1.10.5.v20190526-1402/lib/ant-commons-logging.jar:/home/linuxlite/.Eclipse IDE/Eclipse Java IDE/plugins/org.apache.ant_1.10.5.v20190526-1402/lib/ant-commons-net.jar:/home/linuxlite/.Eclipse IDE/Eclipse Java IDE/plugins/org.apache.ant_1.10.5.v20190526-1402/lib/ant-jai.jar:/home/linuxlite/.Eclipse IDE/Eclipse Java IDE/plugins/org.apache.ant_1.10.5.v20190526-1402/lib/ant-javamail.jar:/home/linuxlite/.Eclipse IDE/Eclipse Java IDE/plugins/org.apache.ant_1.10.5.v20190526-1402/lib/ant-jdepend.jar:/home/linuxlite/.Eclipse IDE/Eclipse Java IDE/plugins/org.apache.ant_1.10.5.v20190526-1402/lib/ant-jmf.jar:/home/linuxlite/.Eclipse IDE/Eclipse Java IDE/plugins/org.apache.ant_1.10.5.v20190526-1402/lib/ant-jsch.jar:/home/linuxlite/.Eclipse IDE/Eclipse Java IDE/plugins/org.apache.ant_1.10.5.v20190526-1402/lib/ant-junit.jar:/home/linuxlite/.Eclipse IDE/Eclipse Java IDE/plugins/org.apache.ant_1.10.5.v20190526-1402/lib/ant-junit4.jar:/home/linuxlite/.Eclipse IDE/Eclipse Java IDE/plugins/org.apache.ant_1.10.5.v20190526-1402/lib/ant-junitlauncher.jar:/home/linuxlite/.Eclipse IDE/Eclipse Java IDE/plugins/org.apache.ant_1.10.5.v20190526-1402/lib/ant-launcher.jar:/home/linuxlite/.Eclipse IDE/Eclipse Java IDE/plugins/org.apache.ant_1.10.5.v20190526-1402/lib/ant-netrexx.jar:/home/linuxlite/.Eclipse IDE/Eclipse Java IDE/plugins/org.apache.ant_1.10.5.v20190526-1402/lib/ant-swing.jar:/home/linuxlite/.Eclipse IDE/Eclipse Java IDE/plugins/org.apache.ant_1.10.5.v20190526-1402/lib/ant-testutil.jar:/home/linuxlite/.Eclipse IDE/Eclipse Java IDE/plugins/org.apache.ant_1.10.5.v20190526-1402/lib/ant-xz.jar:/home/linuxlite/.Eclipse IDE/Eclipse Java IDE/plugins/org.apache.ant_1.10.5.v20190526-1402/lib/ant.jar:/home/linuxlite/.Eclipse IDE/Eclipse Java IDE/configuration/org.eclipse.osgi/86/0/.cp/lib/antdebug.jar:/home/linuxlite/.Eclipse IDE/Eclipse Java IDE/configuration/org.eclipse.osgi/86/0/.cp/lib/remote.jar:/home/linuxlite/.Eclipse IDE/Eclipse Java IDE/configuration/org.eclipse.osgi/87/0/.cp/lib/remoteAnt.jar:/home/linuxlite/.Eclipse IDE/Eclipse Java IDE/plugins/org.eclipse.swt.gtk.linux.x86_64_3.111.0.v20190605-1801.jar" />
    <property name="java.vm.vendor" value="Ubuntu" />
    <property name="ap.supported.internal" value="true" />
    <property name="run.modulepath" value="" />
    <property name="test.binaryexcludes" value="" />
    <property name="jnlp.codebase.type" value="no.codebase" />
    <property name="javac.compilerargs" value="" />
    <property name="user.country" value="US" />
    <property name="file.reference.jna-4.1.0.jar" value="lib/jna-4.1.0.jar" />
    <property name="sun.java.launcher" value="SUN_STANDARD" />
    <property name="endorsed.classpath" value="" />
    <property name="javac.test.sourcepath" value="/home/linuxlite/Workspaces/Java Projects/Alg Tesseract/Tess4J/build/empty" />
    <property name="sun.cpu.endian" value="little" />
    <property name="user.language" value="en" />
    <property name="copylibs.rebase" value="true" />
    <property name="includes" value="**" />
    <property name="javadoc.nonavbar" value="false" />
    <property name="application.homepage" value="http://tess4j.sf.net" />
    <property name="ant.java.version" value="11" />
    <property name="libs.junit_4.classpath" value="/home/linuxlite/Workspaces/Java Projects/Alg Tesseract/Tess4J/lib/junit-4.12.jar" />
    <property name="libs.hamcrest.classpath" value="/home/linuxlite/Workspaces/Java Projects/Alg Tesseract/Tess4J/lib/hamcrest-core-1.3.jar" />
    <property name="jlink.launcher.name" value="Tess4J" />
    <property name="javadoc.splitindex" value="true" />
    <property name="junit.available" value="true" />
    <property name="test.binarytestincludes" value="" />
    <property name="javac.processormodulepath" value="" />
    <property name="runtime.encoding" value="UTF-8" />
    <property name="javadoc.encoding" value="UTF-8" />
    <property name="javac.classpath" value="lib/ghost4j-1.0.1.jar:lib/jna-4.1.0.jar:lib/log4j-1.2.17.jar:lib/itext-2.1.7.jar:lib/commons-beanutils-1.9.2.jar:lib/commons-logging-1.2.jar:lib/slf4j-api-1.7.25.jar:lib/jul-to-slf4j-1.7.25.jar:lib/commons-io-2.6.jar:lib/jboss-vfs-3.2.12.Final.jar:lib/logback-classic-1.2.3.jar:lib/logback-core-1.2.3.jar:lib/jai-imageio-core-1.4.0.jar:lib/lept4j-1.6.4.jar:lib/pdfbox-2.0.9.jar:lib/pdfbox-tools-2.0.9.jar:lib/fontbox-2.0.9.jar:lib/jbig2-imageio-3.0.0.jar" />
    <property name="file.reference.lept4j-1.6.4.jar" value="lib/lept4j-1.6.4.jar" />
    <property name="ant.file.Tess4J-impl" value="/home/linuxlite/Workspaces/Java Projects/Alg Tesseract/Tess4J/nbproject/build-impl.xml" />
    <property name="jlink.strip" value="false" />
    <property name="nb.junit.batch" value="true" />
    <property name="build.test.classes.dir" value="build/test/classes" />
    <property name="java.runtime.name" value="OpenJDK Runtime Environment" />
    <property name="ant.project.invoked-targets" value="default" />
    <property name="run.jvmargs.ide" value="" />
    <property name="ap.cmd.line.internal" value="" />
    <property name="ant.core.lib" value="/home/linuxlite/.Eclipse IDE/Eclipse Java IDE/plugins/org.apache.ant_1.10.5.v20190526-1402/lib/ant.jar" />
    <property name="java.vendor.url.bug" value="https://bugs.launchpad.net/ubuntu/+source/openjdk-lts" />
    <property name="annotation.processing.source.output" value="build/generated-sources/ap-source-output" />
    <property name="javac.profile.cmd.line.arg" value="" />
    <property name="user.dir" value="/home/linuxlite/Workspaces/Java Projects/Alg Tesseract/Tess4J" />
    <property name="platform.java" value="/usr/lib/jvm/java-11-openjdk-amd64/bin/java" />
    <property name="application.title" value="Tess4J" />
    <property name="application.args" value="" />
    <property name="javac.test.modulepath" value="" />
    <property name="file.reference.slf4j-api-1.7.25.jar" value="lib/slf4j-api-1.7.25.jar" />
    <property name="java.vm.version" value="11.0.6+10-post-Ubuntu-1ubuntu118.04.1" />
    <property name="annotation.processing.run.all.processors" value="true" />
    <property name="junit.forkmode" value="perTest" />
  </properties>
  <testcase classname="net.sourceforge.tess4j.TessAPITest" name="testChoiceIterator" time="0.0">
    <error message="Forked Java VM exited abnormally. Please note the time in the report does not reflect the time until the VM exit." type="junit.framework.AssertionFailedError">junit.framework.AssertionFailedError: Forked Java VM exited abnormally. Please note the time in the report does not reflect the time until the VM exit.
	at jdk.internal.reflect.GeneratedMethodAccessor4.invoke(Unknown Source)
	at java.base/jdk.internal.reflect.DelegatingMethodAccessorImpl.invoke(DelegatingMethodAccessorImpl.java:43)
	at java.base/java.util.Vector.forEach(Vector.java:1387)
	at jdk.internal.reflect.GeneratedMethodAccessor4.invoke(Unknown Source)
	at java.base/jdk.internal.reflect.DelegatingMethodAccessorImpl.invoke(DelegatingMethodAccessorImpl.java:43)
	at jdk.internal.reflect.GeneratedMethodAccessor4.invoke(Unknown Source)
	at java.base/jdk.internal.reflect.DelegatingMethodAccessorImpl.invoke(DelegatingMethodAccessorImpl.java:43)
	at java.base/java.util.Vector.forEach(Vector.java:1387)
	at jdk.internal.reflect.GeneratedMethodAccessor4.invoke(Unknown Source)
	at java.base/jdk.internal.reflect.DelegatingMethodAccessorImpl.invoke(DelegatingMethodAccessorImpl.java:43)
	at jdk.internal.reflect.GeneratedMethodAccessor4.invoke(Unknown Source)
	at java.base/jdk.internal.reflect.DelegatingMethodAccessorImpl.invoke(DelegatingMethodAccessorImpl.java:43)
	at java.base/java.util.Vector.forEach(Vector.java:1387)
	at jdk.internal.reflect.GeneratedMethodAccessor4.invoke(Unknown Source)
	at java.base/jdk.internal.reflect.DelegatingMethodAccessorImpl.invoke(DelegatingMethodAccessorImpl.java:43)
	at jdk.internal.reflect.GeneratedMethodAccessor4.invoke(Unknown Source)
	at java.base/jdk.internal.reflect.DelegatingMethodAccessorImpl.invoke(DelegatingMethodAccessorImpl.java:43)
	at java.base/java.util.Vector.forEach(Vector.java:1387)
	at jdk.internal.reflect.GeneratedMethodAccessor4.invoke(Unknown Source)
	at java.base/jdk.internal.reflect.DelegatingMethodAccessorImpl.invoke(DelegatingMethodAccessorImpl.java:43)
	at jdk.internal.reflect.GeneratedMethodAccessor4.invoke(Unknown Source)
	at java.base/jdk.internal.reflect.DelegatingMethodAccessorImpl.invoke(DelegatingMethodAccessorImpl.java:43)
	at org.eclipse.ant.internal.launching.remote.EclipseDefaultExecutor.executeTargets(EclipseDefaultExecutor.java:36)
	at org.eclipse.ant.internal.launching.remote.InternalAntRunner.run(InternalAntRunner.java:460)
	at org.eclipse.ant.internal.launching.remote.InternalAntRunner.main(InternalAntRunner.java:142)
</error>
  </testcase>
</testsuite>
